{
  message: 'Data base is connected successfully',
  level: 'info',
  service: 'user-service',
  label: 'PH',
  timestamp: '2023-06-09T19:51:01.105Z'
}
{
  message: 'application app listening on port 5000',
  level: 'info',
  service: 'user-service',
  label: 'PH',
  timestamp: '2023-06-09T19:51:01.160Z'
}
{
  message: 'Data base is connected successfully',
  level: 'info',
  service: 'user-service',
  label: 'PH',
  timestamp: '2023-06-09T19:52:57.096Z'
}
{
  message: 'application app listening on port 5000',
  level: 'info',
  service: 'user-service',
  label: 'PH',
  timestamp: '2023-06-09T19:52:57.129Z'
}
