{
  message: 'Data base is connected successfully',
  level: 'info',
  service: 'user-service',
  label: 'PH',
  timestamp: '2023-06-16T18:20:08.211Z'
}
{
  message: 'application app listening on port 5000',
  level: 'info',
  service: 'user-service',
  label: 'PH',
  timestamp: '2023-06-16T18:20:08.246Z'
}
{
  message: 'Data base is connected successfully',
  level: 'info',
  service: 'user-service',
  label: 'PH',
  timestamp: '2023-06-16T18:29:36.629Z'
}
{
  message: 'application app listening on port 5000',
  level: 'info',
  service: 'user-service',
  label: 'PH',
  timestamp: '2023-06-16T18:29:36.660Z'
}
