{
  message: 'Data base is connected successfully',
  level: 'info',
  service: 'user-service',
  label: 'PH',
  timestamp: '2023-06-22T22:08:05.883Z'
}
{
  message: 'application app listening on port 5000',
  level: 'info',
  service: 'user-service',
  label: 'PH',
  timestamp: '2023-06-22T22:08:05.926Z'
}
{
  message: 'Data base is connected successfully',
  level: 'info',
  service: 'user-service',
  label: 'PH',
  timestamp: '2023-06-22T22:37:13.314Z'
}
{
  message: 'application app listening on port 5000',
  level: 'info',
  service: 'user-service',
  label: 'PH',
  timestamp: '2023-06-22T22:37:13.357Z'
}
{
  message: 'Data base is connected successfully',
  level: 'info',
  service: 'user-service',
  label: 'PH',
  timestamp: '2023-06-22T22:40:16.079Z'
}
{
  message: 'application app listening on port 5000',
  level: 'info',
  service: 'user-service',
  label: 'PH',
  timestamp: '2023-06-22T22:40:16.105Z'
}
