{
  message: 'Data base is connected successfully',
  level: 'info',
  service: 'user-service',
  label: 'PH',
  timestamp: '2023-06-23T18:00:33.269Z'
}
{
  message: 'application app listening on port 5000',
  level: 'info',
  service: 'user-service',
  label: 'PH',
  timestamp: '2023-06-23T18:00:33.318Z'
}
{
  message: 'Data base is connected successfully',
  level: 'info',
  service: 'user-service',
  label: 'PH',
  timestamp: '2023-06-23T18:02:06.534Z'
}
{
  message: 'application app listening on port 5000',
  level: 'info',
  service: 'user-service',
  label: 'PH',
  timestamp: '2023-06-23T18:02:06.573Z'
}
{
  message: 'Data base is connected successfully',
  level: 'info',
  service: 'user-service',
  label: 'PH',
  timestamp: '2023-06-23T18:09:49.048Z'
}
{
  message: 'application app listening on port 5000',
  level: 'info',
  service: 'user-service',
  label: 'PH',
  timestamp: '2023-06-23T18:09:49.088Z'
}
{
  message: 'Data base is connected successfully',
  level: 'info',
  service: 'user-service',
  label: 'PH',
  timestamp: '2023-06-23T18:10:07.836Z'
}
{
  message: 'application app listening on port 5000',
  level: 'info',
  service: 'user-service',
  label: 'PH',
  timestamp: '2023-06-23T18:10:07.899Z'
}
{
  message: 'Data base is connected successfully',
  level: 'info',
  service: 'user-service',
  label: 'PH',
  timestamp: '2023-06-23T18:11:49.701Z'
}
{
  message: 'application app listening on port 5000',
  level: 'info',
  service: 'user-service',
  label: 'PH',
  timestamp: '2023-06-23T18:11:49.722Z'
}
{
  message: 'Data base is connected successfully',
  level: 'info',
  service: 'user-service',
  label: 'PH',
  timestamp: '2023-06-23T18:47:16.384Z'
}
{
  message: 'application app listening on port 5000',
  level: 'info',
  service: 'user-service',
  label: 'PH',
  timestamp: '2023-06-23T18:47:16.419Z'
}
{
  message: 'Data base is connected successfully',
  level: 'info',
  service: 'user-service',
  label: 'PH',
  timestamp: '2023-06-23T18:59:45.781Z'
}
{
  message: 'application app listening on port 5000',
  level: 'info',
  service: 'user-service',
  label: 'PH',
  timestamp: '2023-06-23T18:59:45.815Z'
}
