{
  message: 'Data base is connected successfully',
  level: 'info',
  service: 'user-service',
  label: 'PH',
  timestamp: '2023-06-23T21:00:40.924Z'
}
{
  message: 'application app listening on port 5000',
  level: 'info',
  service: 'user-service',
  label: 'PH',
  timestamp: '2023-06-23T21:00:40.957Z'
}
{
  message: 'Data base is connected successfully',
  level: 'info',
  service: 'user-service',
  label: 'PH',
  timestamp: '2023-06-23T21:01:33.192Z'
}
{
  message: 'application app listening on port 5000',
  level: 'info',
  service: 'user-service',
  label: 'PH',
  timestamp: '2023-06-23T21:01:33.217Z'
}
{
  message: 'Data base is connected successfully',
  level: 'info',
  service: 'user-service',
  label: 'PH',
  timestamp: '2023-06-23T21:02:04.486Z'
}
{
  message: 'application app listening on port 5000',
  level: 'info',
  service: 'user-service',
  label: 'PH',
  timestamp: '2023-06-23T21:02:04.511Z'
}
{
  message: 'Data base is connected successfully',
  level: 'info',
  service: 'user-service',
  label: 'PH',
  timestamp: '2023-06-23T21:03:58.908Z'
}
{
  message: 'application app listening on port 5000',
  level: 'info',
  service: 'user-service',
  label: 'PH',
  timestamp: '2023-06-23T21:03:58.939Z'
}
{
  message: 'Data base is connected successfully',
  level: 'info',
  service: 'user-service',
  label: 'PH',
  timestamp: '2023-06-23T21:06:21.359Z'
}
{
  message: 'application app listening on port 5000',
  level: 'info',
  service: 'user-service',
  label: 'PH',
  timestamp: '2023-06-23T21:06:21.385Z'
}
{
  message: 'Data base is connected successfully',
  level: 'info',
  service: 'user-service',
  label: 'PH',
  timestamp: '2023-06-23T21:07:52.536Z'
}
{
  message: 'application app listening on port 5000',
  level: 'info',
  service: 'user-service',
  label: 'PH',
  timestamp: '2023-06-23T21:07:52.572Z'
}
{
  message: 'Data base is connected successfully',
  level: 'info',
  service: 'user-service',
  label: 'PH',
  timestamp: '2023-06-23T21:11:09.636Z'
}
{
  message: 'application app listening on port 5000',
  level: 'info',
  service: 'user-service',
  label: 'PH',
  timestamp: '2023-06-23T21:11:09.674Z'
}
{
  message: 'Data base is connected successfully',
  level: 'info',
  service: 'user-service',
  label: 'PH',
  timestamp: '2023-06-23T21:11:49.385Z'
}
{
  message: 'application app listening on port 5000',
  level: 'info',
  service: 'user-service',
  label: 'PH',
  timestamp: '2023-06-23T21:11:49.430Z'
}
{
  message: 'Data base is connected successfully',
  level: 'info',
  service: 'user-service',
  label: 'PH',
  timestamp: '2023-06-23T21:12:33.617Z'
}
{
  message: 'application app listening on port 5000',
  level: 'info',
  service: 'user-service',
  label: 'PH',
  timestamp: '2023-06-23T21:12:33.637Z'
}
{
  message: 'Data base is connected successfully',
  level: 'info',
  service: 'user-service',
  label: 'PH',
  timestamp: '2023-06-23T21:12:46.642Z'
}
{
  message: 'application app listening on port 5000',
  level: 'info',
  service: 'user-service',
  label: 'PH',
  timestamp: '2023-06-23T21:12:46.667Z'
}
{
  message: 'Data base is connected successfully',
  level: 'info',
  service: 'user-service',
  label: 'PH',
  timestamp: '2023-06-23T21:14:14.183Z'
}
{
  message: 'application app listening on port 5000',
  level: 'info',
  service: 'user-service',
  label: 'PH',
  timestamp: '2023-06-23T21:14:14.203Z'
}
{
  message: 'Data base is connected successfully',
  level: 'info',
  service: 'user-service',
  label: 'PH',
  timestamp: '2023-06-23T21:17:06.050Z'
}
{
  message: 'application app listening on port 5000',
  level: 'info',
  service: 'user-service',
  label: 'PH',
  timestamp: '2023-06-23T21:17:06.075Z'
}
{
  message: 'Data base is connected successfully',
  level: 'info',
  service: 'user-service',
  label: 'PH',
  timestamp: '2023-06-23T21:17:32.474Z'
}
{
  message: 'application app listening on port 5000',
  level: 'info',
  service: 'user-service',
  label: 'PH',
  timestamp: '2023-06-23T21:17:32.497Z'
}
{
  message: 'Data base is connected successfully',
  level: 'info',
  service: 'user-service',
  label: 'PH',
  timestamp: '2023-06-23T21:18:05.038Z'
}
{
  message: 'application app listening on port 5000',
  level: 'info',
  service: 'user-service',
  label: 'PH',
  timestamp: '2023-06-23T21:18:05.064Z'
}
{
  message: 'Data base is connected successfully',
  level: 'info',
  service: 'user-service',
  label: 'PH',
  timestamp: '2023-06-23T21:19:20.501Z'
}
{
  message: 'application app listening on port 5000',
  level: 'info',
  service: 'user-service',
  label: 'PH',
  timestamp: '2023-06-23T21:19:20.800Z'
}
{
  message: 'Data base is connected successfully',
  level: 'info',
  service: 'user-service',
  label: 'PH',
  timestamp: '2023-06-23T21:21:10.341Z'
}
{
  message: 'application app listening on port 5000',
  level: 'info',
  service: 'user-service',
  label: 'PH',
  timestamp: '2023-06-23T21:21:10.364Z'
}
{
  message: 'Data base is connected successfully',
  level: 'info',
  service: 'user-service',
  label: 'PH',
  timestamp: '2023-06-23T21:21:25.740Z'
}
{
  message: 'application app listening on port 5000',
  level: 'info',
  service: 'user-service',
  label: 'PH',
  timestamp: '2023-06-23T21:21:25.787Z'
}
{
  message: 'Data base is connected successfully',
  level: 'info',
  service: 'user-service',
  label: 'PH',
  timestamp: '2023-06-23T21:22:16.838Z'
}
{
  message: 'application app listening on port 5000',
  level: 'info',
  service: 'user-service',
  label: 'PH',
  timestamp: '2023-06-23T21:22:16.881Z'
}
{
  message: 'Data base is connected successfully',
  level: 'info',
  service: 'user-service',
  label: 'PH',
  timestamp: '2023-06-23T21:22:32.072Z'
}
{
  message: 'application app listening on port 5000',
  level: 'info',
  service: 'user-service',
  label: 'PH',
  timestamp: '2023-06-23T21:22:32.101Z'
}
{
  message: 'Data base is connected successfully',
  level: 'info',
  service: 'user-service',
  label: 'PH',
  timestamp: '2023-06-23T21:36:19.781Z'
}
{
  message: 'application app listening on port 5000',
  level: 'info',
  service: 'user-service',
  label: 'PH',
  timestamp: '2023-06-23T21:36:19.803Z'
}
{
  message: 'Data base is connected successfully',
  level: 'info',
  service: 'user-service',
  label: 'PH',
  timestamp: '2023-06-23T21:57:03.701Z'
}
{
  message: 'application app listening on port 5000',
  level: 'info',
  service: 'user-service',
  label: 'PH',
  timestamp: '2023-06-23T21:57:03.762Z'
}
{
  message: 'Data base is connected successfully',
  level: 'info',
  service: 'user-service',
  label: 'PH',
  timestamp: '2023-06-23T21:59:54.934Z'
}
{
  message: 'application app listening on port 5000',
  level: 'info',
  service: 'user-service',
  label: 'PH',
  timestamp: '2023-06-23T21:59:54.959Z'
}
