{
  service: 'user-service',
  level: 'error',
  message: 'Failled to connect databse The `uri` parameter to `openUri()` must be a string, got "undefined". Make sure the first parameter to `mongoose.connect()` or `mongoose.createConnection()` is a string.',
  stack: 'MongooseError: The `uri` parameter to `openUri()` must be a string, got "undefined". Make sure the first parameter to `mongoose.connect()` or `mongoose.createConnection()` is a string.\n' +
    '    at _createMongoClient (C:\\Next Level Development\\university-management-auth-service\\node_modules\\mongoose\\lib\\connection.js:805:11)\n' +
    '    at NativeConnection.openUri (C:\\Next Level Development\\university-management-auth-service\\node_modules\\mongoose\\lib\\connection.js:742:29)\n' +
    '    at Mongoose.connect (C:\\Next Level Development\\university-management-auth-service\\node_modules\\mongoose\\lib\\index.js:406:15)\n' +
    '    at C:\\Next Level Development\\university-management-auth-service\\src\\server.ts:7:20\n' +
    '    at Generator.next (<anonymous>)\n' +
    '    at C:\\Next Level Development\\university-management-auth-service\\src\\server.ts:8:71\n' +
    '    at new Promise (<anonymous>)\n' +
    '    at __awaiter (C:\\Next Level Development\\university-management-auth-service\\src\\server.ts:4:12)\n' +
    '    at bootstrap (C:\\Next Level Development\\university-management-auth-service\\src\\server.ts:20:12)\n' +
    '    at Object.<anonymous> (C:\\Next Level Development\\university-management-auth-service\\src\\server.ts:17:1)',
  label: 'PH',
  timestamp: '2023-06-05T12:02:48.696Z'
}
{
  service: 'user-service',
  level: 'error',
  message: 'Failled to connect databse The `uri` parameter to `openUri()` must be a string, got "undefined". Make sure the first parameter to `mongoose.connect()` or `mongoose.createConnection()` is a string.',
  stack: 'MongooseError: The `uri` parameter to `openUri()` must be a string, got "undefined". Make sure the first parameter to `mongoose.connect()` or `mongoose.createConnection()` is a string.\n' +
    '    at _createMongoClient (C:\\Next Level Development\\university-management-auth-service\\node_modules\\mongoose\\lib\\connection.js:805:11)\n' +
    '    at NativeConnection.openUri (C:\\Next Level Development\\university-management-auth-service\\node_modules\\mongoose\\lib\\connection.js:742:29)\n' +
    '    at Mongoose.connect (C:\\Next Level Development\\university-management-auth-service\\node_modules\\mongoose\\lib\\index.js:406:15)\n' +
    '    at C:\\Next Level Development\\university-management-auth-service\\src\\server.ts:7:20\n' +
    '    at Generator.next (<anonymous>)\n' +
    '    at C:\\Next Level Development\\university-management-auth-service\\src\\server.ts:8:71\n' +
    '    at new Promise (<anonymous>)\n' +
    '    at __awaiter (C:\\Next Level Development\\university-management-auth-service\\src\\server.ts:4:12)\n' +
    '    at bootstrap (C:\\Next Level Development\\university-management-auth-service\\src\\server.ts:20:12)\n' +
    '    at Object.<anonymous> (C:\\Next Level Development\\university-management-auth-service\\src\\server.ts:17:1)',
  label: 'PH',
  timestamp: '2023-06-05T12:04:19.421Z'
}
{
  service: 'user-service',
  level: 'error',
  message: 'Failled to connect databse The `uri` parameter to `openUri()` must be a string, got "undefined". Make sure the first parameter to `mongoose.connect()` or `mongoose.createConnection()` is a string.',
  stack: 'MongooseError: The `uri` parameter to `openUri()` must be a string, got "undefined". Make sure the first parameter to `mongoose.connect()` or `mongoose.createConnection()` is a string.\n' +
    '    at _createMongoClient (C:\\Next Level Development\\university-management-auth-service\\node_modules\\mongoose\\lib\\connection.js:805:11)\n' +
    '    at NativeConnection.openUri (C:\\Next Level Development\\university-management-auth-service\\node_modules\\mongoose\\lib\\connection.js:742:29)\n' +
    '    at Mongoose.connect (C:\\Next Level Development\\university-management-auth-service\\node_modules\\mongoose\\lib\\index.js:406:15)\n' +
    '    at C:\\Next Level Development\\university-management-auth-service\\src\\server.ts:7:20\n' +
    '    at Generator.next (<anonymous>)\n' +
    '    at C:\\Next Level Development\\university-management-auth-service\\src\\server.ts:8:71\n' +
    '    at new Promise (<anonymous>)\n' +
    '    at __awaiter (C:\\Next Level Development\\university-management-auth-service\\src\\server.ts:4:12)\n' +
    '    at bootstrap (C:\\Next Level Development\\university-management-auth-service\\src\\server.ts:20:12)\n' +
    '    at Object.<anonymous> (C:\\Next Level Development\\university-management-auth-service\\src\\server.ts:17:1)',
  label: 'PH',
  timestamp: '2023-06-05T12:05:30.199Z'
}
